

<!DOCTYPE html>
<html>
<head>
<meta charset="UTF-8">
<meta name="viewport" content="width=device-width, initial-scale=1, shrink-to-fit=no">
<title></title>
<link rel="apple-touch-icon" href="https://cdn.jsdelivr.net/gh/extent-framework/extent-github-cdn@b00a2d0486596e73dd7326beacf352c639623a0e/commons/img/logo.png">
<link rel="shortcut icon" href="https://cdn.jsdelivr.net/gh/extent-framework/extent-github-cdn@b00a2d0486596e73dd7326beacf352c639623a0e/commons/img/logo.png">
<link href="https://cdn.jsdelivr.net/gh/extent-framework/extent-github-cdn@d6562a79075e061305ccfdb82f01e5e195e2d307/spark/css/spark-style.css" rel="stylesheet" />
<link href="https://stackpath.bootstrapcdn.com/font-awesome/4.7.0/css/font-awesome.min.css" rel="stylesheet">
<script src="https://cdn.jsdelivr.net/gh/extent-framework/extent-github-cdn@7cc78ce/spark/js/jsontree.js"></script>
<style type="text/css"></style></head><body class="spa bdd-report standard">
  <div class="app">
    <div class="layout">
<div class="header navbar">
<div class="vheader">
<div class="nav-logo">
<a href="#">
<div class="logo" style="background-image: url('https://cdn.jsdelivr.net/gh/extent-framework/extent-github-cdn@b00a2d0486596e73dd7326beacf352c639623a0e/commons/img/logo.png')"></div>
</a>
</div>
<ul class="nav-left">
<li class="search-box">
<a class="search-toggle" href="#">
<i class="search-icon fa fa-search"></i>
<i class="search-icon-close fa fa-close"></i>
</a>
</li>
<li class="search-input"><input id="search-tests" class="form-control" type="text" placeholder="Search..."></li>
</ul>
<ul class="nav-right">
<li class="m-r-10">
<a href="#"><span class="badge badge-primary"></span></a>
</li>
<li class="m-r-10">
<a href="#"><span class="badge badge-primary">avr. 14, 2024 03:39:55 PM</span></a>
</li>
</ul>
</div>
</div><div class="side-nav">
<div class="side-nav-inner">
<ul class="side-nav-menu">
<li class="nav-item dropdown" onclick="toggleView('test-view')">
<a id="nav-test" class="dropdown-toggle" href="#">
<span class="ico"><i class="fa fa-list"></i></span>
</a>
</li>
<li class="nav-item dropdown" onclick="toggleView('exception-view')">
<a id="nav-exception" class="dropdown-toggle" href="#">
<span class="ico"><i class="fa fa-bug"></i></span>
</a>
</li>
<li class="nav-item dropdown" onclick="toggleView('category-view')">
<a id="nav-category" class="dropdown-toggle" href="#">
<span class="ico"><i class="fa fa-tag"></i></span>
</a>
</li>
<li class="nav-item dropdown" onclick="toggleView('dashboard-view')">
<a id="nav-dashboard" class="dropdown-toggle" href="#">
<span class="ico"><i class="fa fa-bar-chart"></i></span>
</a>
</li>
</ul>
</div>
</div>      <div class="vcontainer">
        <div class="main-content">
<div class="test-wrapper row view test-view">
  <div class="test-list">
    <div class="test-list-tools">
<ul class="tools pull-left">
<li><a href="#"><span class="font-size-14">Tests</span></a></li>
</ul>
<ul class="tools text-right">
<li class="dropdown">
<a href="#" class="dropdown-toggle" data-toggle="dropdown"><i class="fa fa-exclamation-circle"></i></a>
<ul id="status-toggle" class="dropdown-menu dropdown-md p-v-0">
<a class="dropdown-item" status="fail" href="#"><span>Fail</span><span class="status danger"></span></a>
<div class="dropdown-divider"></div>
<a status="clear" class="dropdown-item" href="#"><span>Clear</span><span class="pull-right"><i class="fa fa-close"></i></span></a>
</ul>
</li>
<li class="dropdown">
<a href="#" class="dropdown-toggle" data-toggle="dropdown"><i class="fa fa-tag"></i></a>
<ul id="tag-toggle" class="dropdown-menu dropdown-md p-v-0">
<a class="dropdown-item" href="#">@Utilisateur</a><a class="dropdown-item" href="#">@tag</a><a class="dropdown-item" href="#">@Site</a>
</ul>
</li>
</ul>
</div>    <div class="test-list-wrapper scrollable">
      <ul class="test-list-item">
        <li class="test-item"  status="fail" test-id="1"
          author=""
          tag=""
          device="">
          <div class="test-detail">
            <p class="name">Ajout Utilisateur</p>
            <p class="text-sm">
              <span>15:39:56</span> / <span>00:00:46:470</span>
              <span class="badge fail-bg log float-right">Fail</span>
            </p>
          </div>
          <div class="test-contents d-none">
<div class="detail-head">
<div class="p-v-10">
<div class="info">
<h5 class="test-status text-fail">Ajout Utilisateur</h5>
<span class='badge badge-success'>04.14.2024 15:39:56</span>
<span class='badge badge-danger'>04.14.2024 15:40:42</span>
<span class='badge badge-default'>00:00:46:470</span>
&middot; <span class='uri-anchor badge badge-default'>#test-id=1</span>
<span class='badge badge-default pointer float-right ml-1 et'><i class="fa fa-chevron-down"></i></span>
<span class='badge badge-default pointer float-right ct'><i class="fa fa-chevron-up"></i></span>
</div>
<div class="m-t-10 m-l-5"></div>
</div>
</div>
<div class="accordion mt-4">
  <div class="card">
    <div class="card-header" role="tab">
      <div class="card-title">
        <div class="node" id="2"><span class="badge log fail-bg mr-2">Fail</span>Ajout Utilisateur avec infos valides</div>
      </div>
    </div>
        <div class="">
          <div class="card-body">
              <div class="step pass-bg" title="StepDefinitions.AuthentificationStepDef.utilisateur_ouvre_la_page_de_connexion()">
                <span>Given Utilisateur ouvre la page de connexion</span>
      <div>
      </div>
              </div>
              <div class="step pass-bg" title="StepDefinitions.AuthentificationStepDef.entrer_un_identifiant_valide()">
                <span>When Entrer un identifiant valide</span>
      <div>
      </div>
              </div>
              <div class="step pass-bg" title="StepDefinitions.AuthentificationStepDef.entrer_un_mot_de_passe_valide()">
                <span>And Entrer un mot de passe valide</span>
      <div>
      </div>
              </div>
              <div class="step pass-bg" title="StepDefinitions.AuthentificationStepDef.valider_les_informations_et_cliquer_sur_le_bouton_de_connexion()">
                <span>And Valider les informations et cliquer sur le bouton de connexion</span>
      <div>
      </div>
              </div>
              <div class="step pass-bg" title="StepDefinitions.AuthentificationStepDef.connexion_avec_succès_et_redirection_sur_linterface_gestion_des_utilisateurs()">
                <span>Then Connexion avec succès et redirection sur linterface Gestion des utilisateurs</span>
      <div>
      </div>
              </div>
              <div class="step pass-bg" title="StepDefinitions.AjoutUtilisateurStepDef.utilisateur_authentifié_et_dans_la_page_gestion_utilisateur()">
                <span>Given Utilisateur authentifié et dans la page gestion utilisateur</span>
      <div>
      </div>
              </div>
              <div class="step fail-bg" title="StepDefinitions.AjoutUtilisateurStepDef.cliquer_sur_le_bouton_ajouter()">
                <span>When Cliquer sur le bouton Ajouter</span>
      <div>
        <textarea disabled class="code-block">org.openqa.selenium.NoSuchElementException: no such element: Unable to locate element: {"method":"xpath","selector":"//button[normalize-space()='Ajouter']"}
  (Session info: chrome=123.0.6312.122)
For documentation on this error, please visit: https://www.selenium.dev/documentation/webdriver/troubleshooting/errors#no-such-element-exception
Build info: version: '4.16.1', revision: '9b4c83354e'
System info: os.name: 'Windows 10', os.arch: 'amd64', os.version: '10.0', java.version: '17.0.9'
Driver info: org.openqa.selenium.chrome.ChromeDriver
Command: [a442d01957388ace833ff84e5dafba62, findElement {using=xpath, value=//button[normalize-space()='Ajouter']}]
Capabilities {acceptInsecureCerts: false, browserName: chrome, browserVersion: 123.0.6312.122, chrome: {chromedriverVersion: 123.0.6312.122 (31f8248cdd9..., userDataDir: C:\Users\Cyrine\AppData\Loc...}, fedcm:accounts: true, goog:chromeOptions: {debuggerAddress: localhost:53243}, networkConnectionEnabled: false, pageLoadStrategy: normal, platformName: windows, proxy: Proxy(), se:cdp: ws://localhost:53243/devtoo..., se:cdpVersion: 123.0.6312.122, setWindowRect: true, strictFileInteractability: false, timeouts: {implicit: 0, pageLoad: 300000, script: 30000}, unhandledPromptBehavior: dismiss and notify, webauthn:extension:credBlob: true, webauthn:extension:largeBlob: true, webauthn:extension:minPinLength: true, webauthn:extension:prf: true, webauthn:virtualAuthenticators: true}
Session ID: a442d01957388ace833ff84e5dafba62
	at java.base/jdk.internal.reflect.NativeConstructorAccessorImpl.newInstance0(Native Method)
	at java.base/jdk.internal.reflect.NativeConstructorAccessorImpl.newInstance(NativeConstructorAccessorImpl.java:77)
	at java.base/jdk.internal.reflect.DelegatingConstructorAccessorImpl.newInstance(DelegatingConstructorAccessorImpl.java:45)
	at java.base/java.lang.reflect.Constructor.newInstanceWithCaller(Constructor.java:499)
	at java.base/java.lang.reflect.Constructor.newInstance(Constructor.java:480)
	at org.openqa.selenium.remote.codec.w3c.W3CHttpResponseCodec.createException(W3CHttpResponseCodec.java:200)
	at org.openqa.selenium.remote.codec.w3c.W3CHttpResponseCodec.decode(W3CHttpResponseCodec.java:133)
	at org.openqa.selenium.remote.codec.w3c.W3CHttpResponseCodec.decode(W3CHttpResponseCodec.java:52)
	at org.openqa.selenium.remote.HttpCommandExecutor.execute(HttpCommandExecutor.java:191)
	at org.openqa.selenium.remote.service.DriverCommandExecutor.invokeExecute(DriverCommandExecutor.java:200)
	at org.openqa.selenium.remote.service.DriverCommandExecutor.execute(DriverCommandExecutor.java:175)
	at org.openqa.selenium.remote.RemoteWebDriver.execute(RemoteWebDriver.java:523)
	at org.openqa.selenium.remote.ElementLocation$ElementFinder$2.findElement(ElementLocation.java:165)
	at org.openqa.selenium.remote.ElementLocation.findElement(ElementLocation.java:59)
	at org.openqa.selenium.remote.RemoteWebDriver.findElement(RemoteWebDriver.java:360)
	at org.openqa.selenium.remote.RemoteWebDriver.findElement(RemoteWebDriver.java:354)
	at Pages.AjoutUtilisateurPage.cliquer_sur_le_bouton_ajouter(AjoutUtilisateurPage.java:21)
	at StepDefinitions.AjoutUtilisateurStepDef.cliquer_sur_le_bouton_ajouter(AjoutUtilisateurStepDef.java:22)
	at ✽.Cliquer sur le bouton Ajouter(file:///C:/Users/Cyrine/Desktop/FormationAuto/src/test/Features/AjoutUtilisateur.feature:15)
</textarea>
      
      </div>
              </div>
              <div class="step skip-bg" title="StepDefinitions.AjoutUtilisateurStepDef.saisir_prenom_et_identifiant()">
                <span>And Saisir Prenom et identifiant</span>
      <div>Step skipped
      </div>
              </div>
              <div class="step skip-bg" title="StepDefinitions.AjoutUtilisateurStepDef.choisir_un_role()">
                <span>And Choisir un role</span>
      <div>Step skipped
      </div>
              </div>
              <div class="step skip-bg" title="StepDefinitions.AjoutUtilisateurStepDef.saisir_une_adresse_mail_valide()">
                <span>And Saisir une adresse mail valide</span>
      <div>Step skipped
      </div>
              </div>
              <div class="step skip-bg" title="StepDefinitions.AjoutUtilisateurStepDef.generer_un_mot_de_passe()">
                <span>And Generer un mot de passe</span>
      <div>Step skipped
      </div>
              </div>
              <div class="step skip-bg" title="StepDefinitions.AjoutUtilisateurStepDef.choisiir_un_site()">
                <span>And Choisiir un site</span>
      <div>Step skipped
      </div>
              </div>
              <div class="step skip-bg" title="StepDefinitions.AjoutUtilisateurStepDef.cliquer_sur_enregistrer()">
                <span>And Cliquer sur Enregistrer</span>
      <div>Step skipped
      </div>
              </div>
              <div class="step skip-bg" title="StepDefinitions.AjoutUtilisateurStepDef.utilisateur_ajoute_avec_succes()">
                <span>Then Utilisateur ajoute avec succes</span>
      <div>Step skipped
      </div>
              </div>
              <div class="step skip-bg" title="StepDefinitions.AjoutUtilisateurStepDef.je_ferme_le_navigateur()">
                <span>And je ferme le navigateur</span>
      <div>Step skipped
      </div>
              </div>
          </div>
        </div>
  </div>
</div>
          </div>
        </li>
        <li class="test-item"  status="fail" test-id="19"
          author=""
          tag=""
          device="">
          <div class="test-detail">
            <p class="name">Ajout Utilisateur X</p>
            <p class="text-sm">
              <span>15:40:42</span> / <span>00:03:01:474</span>
              <span class="badge fail-bg log float-right">Fail</span>
            </p>
          </div>
          <div class="test-contents d-none">
<div class="detail-head">
<div class="p-v-10">
<div class="info">
<h5 class="test-status text-fail">Ajout Utilisateur X</h5>
<span class='badge badge-success'>04.14.2024 15:40:42</span>
<span class='badge badge-danger'>04.14.2024 15:43:44</span>
<span class='badge badge-default'>00:03:01:474</span>
&middot; <span class='uri-anchor badge badge-default'>#test-id=19</span>
<span class='badge badge-default pointer float-right ml-1 et'><i class="fa fa-chevron-down"></i></span>
<span class='badge badge-default pointer float-right ct'><i class="fa fa-chevron-up"></i></span>
</div>
<div class="m-t-10 m-l-5"></div>
</div>
</div>
<div class="accordion mt-4">
  <div class="card">
    <div class="card-header" role="tab">
      <div class="card-title">
        <div class="node" id="20"><span class="badge log fail-bg mr-2">Fail</span>Ajout Utilisateur X</div>
      </div>
    </div>
        <div class="">
          <div class="card-body">
              <div class="step fail-bg" title="BEFORE">
                <span>Authentification.Authentification_Methode_Test.setUp()</span>
      <div>
        <textarea disabled class="code-block">org.openqa.selenium.TimeoutException: java.util.concurrent.TimeoutException
Build info: version: '4.16.1', revision: '9b4c83354e'
System info: os.name: 'Windows 10', os.arch: 'amd64', os.version: '10.0', java.version: '17.0.9'
Driver info: org.openqa.selenium.chrome.ChromeDriver
Command: [08d976c16b14e9073fc87e10b2c99aa2, get {url=https://hogt-rec.mobility.hubone.cloud/login}]
Capabilities {acceptInsecureCerts: false, browserName: chrome, browserVersion: 123.0.6312.122, chrome: {chromedriverVersion: 123.0.6312.122 (31f8248cdd9..., userDataDir: C:\Users\Cyrine\AppData\Loc...}, fedcm:accounts: true, goog:chromeOptions: {debuggerAddress: localhost:53286}, networkConnectionEnabled: false, pageLoadStrategy: normal, platformName: windows, proxy: Proxy(), se:cdp: ws://localhost:53286/devtoo..., se:cdpVersion: 123.0.6312.122, setWindowRect: true, strictFileInteractability: false, timeouts: {implicit: 0, pageLoad: 300000, script: 30000}, unhandledPromptBehavior: dismiss and notify, webauthn:extension:credBlob: true, webauthn:extension:largeBlob: true, webauthn:extension:minPinLength: true, webauthn:extension:prf: true, webauthn:virtualAuthenticators: true}
Session ID: 08d976c16b14e9073fc87e10b2c99aa2
	at org.openqa.selenium.remote.http.jdk.JdkHttpClient.execute0(JdkHttpClient.java:402)
	at org.openqa.selenium.remote.http.AddSeleniumUserAgent.lambda$apply$0(AddSeleniumUserAgent.java:42)
	at org.openqa.selenium.remote.http.Filter.lambda$andFinally$1(Filter.java:55)
	at org.openqa.selenium.remote.http.jdk.JdkHttpClient.execute(JdkHttpClient.java:358)
	at org.openqa.selenium.remote.HttpCommandExecutor.execute(HttpCommandExecutor.java:188)
	at org.openqa.selenium.remote.service.DriverCommandExecutor.invokeExecute(DriverCommandExecutor.java:200)
	at org.openqa.selenium.remote.service.DriverCommandExecutor.execute(DriverCommandExecutor.java:175)
	at org.openqa.selenium.remote.RemoteWebDriver.execute(RemoteWebDriver.java:523)
	at org.openqa.selenium.remote.RemoteWebDriver.get(RemoteWebDriver.java:305)
	at Formation.Utils.BaseUtils.initializeDriver(BaseUtils.java:40)
	at Authentification.Authentification_Methode_Test.setUp(Authentification_Methode_Test.java:17)
Caused by: java.util.concurrent.TimeoutException
	at java.base/java.util.concurrent.CompletableFuture.timedGet(CompletableFuture.java:1960)
	at java.base/java.util.concurrent.CompletableFuture.get(CompletableFuture.java:2095)
	at org.openqa.selenium.remote.http.jdk.JdkHttpClient.execute0(JdkHttpClient.java:385)
	at org.openqa.selenium.remote.http.AddSeleniumUserAgent.lambda$apply$0(AddSeleniumUserAgent.java:42)
	at org.openqa.selenium.remote.http.Filter.lambda$andFinally$1(Filter.java:55)
	at org.openqa.selenium.remote.http.jdk.JdkHttpClient.execute(JdkHttpClient.java:358)
	at org.openqa.selenium.remote.HttpCommandExecutor.execute(HttpCommandExecutor.java:188)
	at org.openqa.selenium.remote.service.DriverCommandExecutor.invokeExecute(DriverCommandExecutor.java:200)
	at org.openqa.selenium.remote.service.DriverCommandExecutor.execute(DriverCommandExecutor.java:175)
	at org.openqa.selenium.remote.RemoteWebDriver.execute(RemoteWebDriver.java:523)
	at org.openqa.selenium.remote.RemoteWebDriver.get(RemoteWebDriver.java:305)
	at Formation.Utils.BaseUtils.initializeDriver(BaseUtils.java:40)
	at Authentification.Authentification_Methode_Test.setUp(Authentification_Methode_Test.java:17)
	at java.base/jdk.internal.reflect.NativeMethodAccessorImpl.invoke0(Native Method)
	at java.base/jdk.internal.reflect.NativeMethodAccessorImpl.invoke(NativeMethodAccessorImpl.java:77)
	at java.base/jdk.internal.reflect.DelegatingMethodAccessorImpl.invoke(DelegatingMethodAccessorImpl.java:43)
	at java.base/java.lang.reflect.Method.invoke(Method.java:568)
	at io.cucumber.java.Invoker.doInvoke(Invoker.java:66)
	at io.cucumber.java.Invoker.invoke(Invoker.java:24)
	at io.cucumber.java.AbstractGlueDefinition.invokeMethod(AbstractGlueDefinition.java:47)
	at io.cucumber.java.JavaHookDefinition.execute(JavaHookDefinition.java:64)
	at io.cucumber.core.runner.CoreHookDefinition.execute(CoreHookDefinition.java:46)
	at io.cucumber.core.runner.HookDefinitionMatch.runStep(HookDefinitionMatch.java:21)
	at io.cucumber.core.runner.ExecutionMode$1.execute(ExecutionMode.java:10)
	at io.cucumber.core.runner.TestStep.executeStep(TestStep.java:84)
	at io.cucumber.core.runner.TestStep.run(TestStep.java:56)
	at io.cucumber.core.runner.TestCase.run(TestCase.java:78)
	at io.cucumber.core.runner.Runner.runPickle(Runner.java:75)
	at io.cucumber.junit.PickleRunners$NoStepDescriptions.lambda$run$0(PickleRunners.java:151)
	at io.cucumber.core.runtime.CucumberExecutionContext.lambda$runTestCase$5(CucumberExecutionContext.java:137)
	at io.cucumber.core.runtime.RethrowingThrowableCollector.executeAndThrow(RethrowingThrowableCollector.java:23)
	at io.cucumber.core.runtime.CucumberExecutionContext.runTestCase(CucumberExecutionContext.java:137)
	at io.cucumber.junit.PickleRunners$NoStepDescriptions.run(PickleRunners.java:148)
	at io.cucumber.junit.FeatureRunner.runChild(FeatureRunner.java:144)
	at io.cucumber.junit.FeatureRunner.runChild(FeatureRunner.java:28)
	at org.junit.runners.ParentRunner$4.run(ParentRunner.java:331)
	at org.junit.runners.ParentRunner$1.schedule(ParentRunner.java:79)
	at org.junit.runners.ParentRunner.runChildren(ParentRunner.java:329)
	at org.junit.runners.ParentRunner.access$100(ParentRunner.java:66)
	at org.junit.runners.ParentRunner$2.evaluate(ParentRunner.java:293)
	at org.junit.runners.ParentRunner$3.evaluate(ParentRunner.java:306)
	at org.junit.runners.ParentRunner.run(ParentRunner.java:413)
	at io.cucumber.junit.FeatureRunner.run(FeatureRunner.java:137)
	at io.cucumber.junit.Cucumber.runChild(Cucumber.java:196)
	at io.cucumber.junit.Cucumber.runChild(Cucumber.java:89)
	at org.junit.runners.ParentRunner$4.run(ParentRunner.java:331)
	at org.junit.runners.ParentRunner$1.schedule(ParentRunner.java:79)
	at org.junit.runners.ParentRunner.runChildren(ParentRunner.java:329)
	at org.junit.runners.ParentRunner.access$100(ParentRunner.java:66)
	at org.junit.runners.ParentRunner$2.evaluate(ParentRunner.java:293)
	at io.cucumber.core.runtime.CucumberExecutionContext.lambda$runFeatures$6(CucumberExecutionContext.java:148)
	at io.cucumber.core.runtime.CucumberExecutionContext.execute(CucumberExecutionContext.java:163)
	at io.cucumber.core.runtime.CucumberExecutionContext.runFeatures(CucumberExecutionContext.java:146)
	at io.cucumber.junit.Cucumber$StartAndFinishTestRun.evaluate(Cucumber.java:226)
	at org.junit.runners.ParentRunner$3.evaluate(ParentRunner.java:306)
	at org.junit.runners.ParentRunner.run(ParentRunner.java:413)
	at org.eclipse.jdt.internal.junit4.runner.JUnit4TestReference.run(JUnit4TestReference.java:93)
	at org.eclipse.jdt.internal.junit.runner.TestExecution.run(TestExecution.java:40)
	at org.eclipse.jdt.internal.junit.runner.RemoteTestRunner.runTests(RemoteTestRunner.java:529)
	at org.eclipse.jdt.internal.junit.runner.RemoteTestRunner.runTests(RemoteTestRunner.java:756)
	at org.eclipse.jdt.internal.junit.runner.RemoteTestRunner.run(RemoteTestRunner.java:452)
	at org.eclipse.jdt.internal.junit.runner.RemoteTestRunner.main(RemoteTestRunner.java:210)
</textarea>
      
      </div>
              </div>
              <div class="step skip-bg" title="StepDefinitions.AuthentificationStepDef.utilisateur_ouvre_la_page_de_connexion()">
                <span>Given Utilisateur ouvre la page de connexion</span>
      <div>Step skipped
      </div>
              </div>
              <div class="step skip-bg" title="StepDefinitions.AuthentificationStepDef.entrer_un_identifiant_valide()">
                <span>When Entrer un identifiant valide</span>
      <div>Step skipped
      </div>
              </div>
              <div class="step skip-bg" title="StepDefinitions.AuthentificationStepDef.entrer_un_mot_de_passe_valide()">
                <span>And Entrer un mot de passe valide</span>
      <div>Step skipped
      </div>
              </div>
              <div class="step skip-bg" title="StepDefinitions.AuthentificationStepDef.valider_les_informations_et_cliquer_sur_le_bouton_de_connexion()">
                <span>And Valider les informations et cliquer sur le bouton de connexion</span>
      <div>Step skipped
      </div>
              </div>
              <div class="step skip-bg" title="StepDefinitions.AuthentificationStepDef.connexion_avec_succès_et_redirection_sur_linterface_gestion_des_utilisateurs()">
                <span>Then Connexion avec succès et redirection sur linterface Gestion des utilisateurs</span>
      <div>Step skipped
      </div>
              </div>
              <div class="step skip-bg" title="StepDefinitions.AjoutUtilisateurStepDef.utilisateur_authentifié_et_dans_la_page_gestion_utilisateur()">
                <span>Given Utilisateur authentifié et dans la page gestion utilisateur</span>
      <div>Step skipped
      </div>
              </div>
              <div class="step skip-bg" title="StepDefinitions.AjoutUtilisateurStepDef.cliquer_sur_le_bouton_ajouter()">
                <span>When Cliquer sur le bouton Ajouter</span>
      <div>Step skipped
      </div>
              </div>
              <div class="step skip-bg" title="StepDefinitions.AjoutUtilisateurStepDef.j_ajoute_l_utilisateur_suivant(io.cucumber.datatable.DataTable)">
                <span>And j ajoute l utilisateur suivant</span>
      <div><table class='markup-table table '><tr><td>Prenom</td><td>Nom</td><td>Identifiant</td><td>Adresse mail</td><td>Role</td><td>Sites</td></tr><tr><td>Test12</td><td>Auto12</td><td>use12r</td><td>hubone.fr</td><td>Admin</td><td>site2</td></tr></table>
      </div>
      <div>Step skipped
      </div>
              </div>
              <div class="step skip-bg" title="StepDefinitions.AjoutUtilisateurStepDef.generer_un_mot_de_passe()">
                <span>And Generer un mot de passe</span>
      <div>Step skipped
      </div>
              </div>
              <div class="step skip-bg" title="StepDefinitions.AjoutUtilisateurStepDef.cliquer_sur_enregistrer()">
                <span>And Cliquer sur Enregistrer</span>
      <div>Step skipped
      </div>
              </div>
              <div class="step skip-bg" title="StepDefinitions.AjoutUtilisateurStepDef.utilisateur_ajoute_avec_succes()">
                <span>Then Utilisateur ajoute avec succes</span>
      <div>Step skipped
      </div>
              </div>
              <div class="step skip-bg" title="StepDefinitions.AjoutUtilisateurStepDef.je_ferme_le_navigateur()">
                <span>And je ferme le navigateur</span>
      <div>Step skipped
      </div>
              </div>
          </div>
        </div>
  </div>
</div>
          </div>
        </li>
        <li class="test-item"  status="fail" test-id="34"
          author=""
          tag=""
          device="">
          <div class="test-detail">
            <p class="name">Authentification à lapplication GT</p>
            <p class="text-sm">
              <span>15:43:44</span> / <span>00:03:01:512</span>
              <span class="badge fail-bg log float-right">Fail</span>
            </p>
          </div>
          <div class="test-contents d-none">
<div class="detail-head">
<div class="p-v-10">
<div class="info">
<h5 class="test-status text-fail">Authentification à lapplication GT</h5>
<span class='badge badge-success'>04.14.2024 15:43:44</span>
<span class='badge badge-danger'>04.14.2024 15:46:45</span>
<span class='badge badge-default'>00:03:01:512</span>
&middot; <span class='uri-anchor badge badge-default'>#test-id=34</span>
<span class='badge badge-default pointer float-right ml-1 et'><i class="fa fa-chevron-down"></i></span>
<span class='badge badge-default pointer float-right ct'><i class="fa fa-chevron-up"></i></span>
</div>
<div class="m-t-10 m-l-5"></div>
</div>
</div>
<div class="accordion mt-4">
  <div class="card">
    <div class="card-header" role="tab">
      <div class="card-title">
        <div class="node" id="35"><span class="badge log fail-bg mr-2">Fail</span>Authentification avec email et mdp valides</div>
      </div>
    </div>
        <div class="">
          <div class="card-body">
              <div class="step fail-bg" title="BEFORE">
                <span>Authentification.Authentification_Methode_Test.setUp()</span>
      <div>
        <textarea disabled class="code-block">org.openqa.selenium.TimeoutException: java.util.concurrent.TimeoutException
Build info: version: '4.16.1', revision: '9b4c83354e'
System info: os.name: 'Windows 10', os.arch: 'amd64', os.version: '10.0', java.version: '17.0.9'
Driver info: org.openqa.selenium.chrome.ChromeDriver
Command: [b5c8554237b268514d8b8368214cb921, get {url=https://hogt-rec.mobility.hubone.cloud/login}]
Capabilities {acceptInsecureCerts: false, browserName: chrome, browserVersion: 123.0.6312.122, chrome: {chromedriverVersion: 123.0.6312.122 (31f8248cdd9..., userDataDir: C:\Users\Cyrine\AppData\Loc...}, fedcm:accounts: true, goog:chromeOptions: {debuggerAddress: localhost:53394}, networkConnectionEnabled: false, pageLoadStrategy: normal, platformName: windows, proxy: Proxy(), se:cdp: ws://localhost:53394/devtoo..., se:cdpVersion: 123.0.6312.122, setWindowRect: true, strictFileInteractability: false, timeouts: {implicit: 0, pageLoad: 300000, script: 30000}, unhandledPromptBehavior: dismiss and notify, webauthn:extension:credBlob: true, webauthn:extension:largeBlob: true, webauthn:extension:minPinLength: true, webauthn:extension:prf: true, webauthn:virtualAuthenticators: true}
Session ID: b5c8554237b268514d8b8368214cb921
	at org.openqa.selenium.remote.http.jdk.JdkHttpClient.execute0(JdkHttpClient.java:402)
	at org.openqa.selenium.remote.http.AddSeleniumUserAgent.lambda$apply$0(AddSeleniumUserAgent.java:42)
	at org.openqa.selenium.remote.http.Filter.lambda$andFinally$1(Filter.java:55)
	at org.openqa.selenium.remote.http.jdk.JdkHttpClient.execute(JdkHttpClient.java:358)
	at org.openqa.selenium.remote.HttpCommandExecutor.execute(HttpCommandExecutor.java:188)
	at org.openqa.selenium.remote.service.DriverCommandExecutor.invokeExecute(DriverCommandExecutor.java:200)
	at org.openqa.selenium.remote.service.DriverCommandExecutor.execute(DriverCommandExecutor.java:175)
	at org.openqa.selenium.remote.RemoteWebDriver.execute(RemoteWebDriver.java:523)
	at org.openqa.selenium.remote.RemoteWebDriver.get(RemoteWebDriver.java:305)
	at Formation.Utils.BaseUtils.initializeDriver(BaseUtils.java:40)
	at Authentification.Authentification_Methode_Test.setUp(Authentification_Methode_Test.java:17)
Caused by: java.util.concurrent.TimeoutException
	at java.base/java.util.concurrent.CompletableFuture.timedGet(CompletableFuture.java:1960)
	at java.base/java.util.concurrent.CompletableFuture.get(CompletableFuture.java:2095)
	at org.openqa.selenium.remote.http.jdk.JdkHttpClient.execute0(JdkHttpClient.java:385)
	at org.openqa.selenium.remote.http.AddSeleniumUserAgent.lambda$apply$0(AddSeleniumUserAgent.java:42)
	at org.openqa.selenium.remote.http.Filter.lambda$andFinally$1(Filter.java:55)
	at org.openqa.selenium.remote.http.jdk.JdkHttpClient.execute(JdkHttpClient.java:358)
	at org.openqa.selenium.remote.HttpCommandExecutor.execute(HttpCommandExecutor.java:188)
	at org.openqa.selenium.remote.service.DriverCommandExecutor.invokeExecute(DriverCommandExecutor.java:200)
	at org.openqa.selenium.remote.service.DriverCommandExecutor.execute(DriverCommandExecutor.java:175)
	at org.openqa.selenium.remote.RemoteWebDriver.execute(RemoteWebDriver.java:523)
	at org.openqa.selenium.remote.RemoteWebDriver.get(RemoteWebDriver.java:305)
	at Formation.Utils.BaseUtils.initializeDriver(BaseUtils.java:40)
	at Authentification.Authentification_Methode_Test.setUp(Authentification_Methode_Test.java:17)
	at java.base/jdk.internal.reflect.NativeMethodAccessorImpl.invoke0(Native Method)
	at java.base/jdk.internal.reflect.NativeMethodAccessorImpl.invoke(NativeMethodAccessorImpl.java:77)
	at java.base/jdk.internal.reflect.DelegatingMethodAccessorImpl.invoke(DelegatingMethodAccessorImpl.java:43)
	at java.base/java.lang.reflect.Method.invoke(Method.java:568)
	at io.cucumber.java.Invoker.doInvoke(Invoker.java:66)
	at io.cucumber.java.Invoker.invoke(Invoker.java:24)
	at io.cucumber.java.AbstractGlueDefinition.invokeMethod(AbstractGlueDefinition.java:47)
	at io.cucumber.java.JavaHookDefinition.execute(JavaHookDefinition.java:64)
	at io.cucumber.core.runner.CoreHookDefinition.execute(CoreHookDefinition.java:46)
	at io.cucumber.core.runner.HookDefinitionMatch.runStep(HookDefinitionMatch.java:21)
	at io.cucumber.core.runner.ExecutionMode$1.execute(ExecutionMode.java:10)
	at io.cucumber.core.runner.TestStep.executeStep(TestStep.java:84)
	at io.cucumber.core.runner.TestStep.run(TestStep.java:56)
	at io.cucumber.core.runner.TestCase.run(TestCase.java:78)
	at io.cucumber.core.runner.Runner.runPickle(Runner.java:75)
	at io.cucumber.junit.PickleRunners$NoStepDescriptions.lambda$run$0(PickleRunners.java:151)
	at io.cucumber.core.runtime.CucumberExecutionContext.lambda$runTestCase$5(CucumberExecutionContext.java:137)
	at io.cucumber.core.runtime.RethrowingThrowableCollector.executeAndThrow(RethrowingThrowableCollector.java:23)
	at io.cucumber.core.runtime.CucumberExecutionContext.runTestCase(CucumberExecutionContext.java:137)
	at io.cucumber.junit.PickleRunners$NoStepDescriptions.run(PickleRunners.java:148)
	at io.cucumber.junit.FeatureRunner.runChild(FeatureRunner.java:144)
	at io.cucumber.junit.FeatureRunner.runChild(FeatureRunner.java:28)
	at org.junit.runners.ParentRunner$4.run(ParentRunner.java:331)
	at org.junit.runners.ParentRunner$1.schedule(ParentRunner.java:79)
	at org.junit.runners.ParentRunner.runChildren(ParentRunner.java:329)
	at org.junit.runners.ParentRunner.access$100(ParentRunner.java:66)
	at org.junit.runners.ParentRunner$2.evaluate(ParentRunner.java:293)
	at org.junit.runners.ParentRunner$3.evaluate(ParentRunner.java:306)
	at org.junit.runners.ParentRunner.run(ParentRunner.java:413)
	at io.cucumber.junit.FeatureRunner.run(FeatureRunner.java:137)
	at io.cucumber.junit.Cucumber.runChild(Cucumber.java:196)
	at io.cucumber.junit.Cucumber.runChild(Cucumber.java:89)
	at org.junit.runners.ParentRunner$4.run(ParentRunner.java:331)
	at org.junit.runners.ParentRunner$1.schedule(ParentRunner.java:79)
	at org.junit.runners.ParentRunner.runChildren(ParentRunner.java:329)
	at org.junit.runners.ParentRunner.access$100(ParentRunner.java:66)
	at org.junit.runners.ParentRunner$2.evaluate(ParentRunner.java:293)
	at io.cucumber.core.runtime.CucumberExecutionContext.lambda$runFeatures$6(CucumberExecutionContext.java:148)
	at io.cucumber.core.runtime.CucumberExecutionContext.execute(CucumberExecutionContext.java:163)
	at io.cucumber.core.runtime.CucumberExecutionContext.runFeatures(CucumberExecutionContext.java:146)
	at io.cucumber.junit.Cucumber$StartAndFinishTestRun.evaluate(Cucumber.java:226)
	at org.junit.runners.ParentRunner$3.evaluate(ParentRunner.java:306)
	at org.junit.runners.ParentRunner.run(ParentRunner.java:413)
	at org.eclipse.jdt.internal.junit4.runner.JUnit4TestReference.run(JUnit4TestReference.java:93)
	at org.eclipse.jdt.internal.junit.runner.TestExecution.run(TestExecution.java:40)
	at org.eclipse.jdt.internal.junit.runner.RemoteTestRunner.runTests(RemoteTestRunner.java:529)
	at org.eclipse.jdt.internal.junit.runner.RemoteTestRunner.runTests(RemoteTestRunner.java:756)
	at org.eclipse.jdt.internal.junit.runner.RemoteTestRunner.run(RemoteTestRunner.java:452)
	at org.eclipse.jdt.internal.junit.runner.RemoteTestRunner.main(RemoteTestRunner.java:210)
</textarea>
      
      </div>
              </div>
              <div class="step skip-bg" title="StepDefinitions.AuthentificationStepDef.utilisateur_ouvre_la_page_de_connexion()">
                <span>Given Utilisateur ouvre la page de connexion</span>
      <div>Step skipped
      </div>
              </div>
              <div class="step skip-bg" title="StepDefinitions.AuthentificationStepDef.entrer_un_identifiant_valide()">
                <span>When Entrer un identifiant valide</span>
      <div>Step skipped
      </div>
              </div>
              <div class="step skip-bg" title="StepDefinitions.AuthentificationStepDef.entrer_un_mot_de_passe_valide()">
                <span>And Entrer un mot de passe valide</span>
      <div>Step skipped
      </div>
              </div>
              <div class="step skip-bg" title="StepDefinitions.AuthentificationStepDef.valider_les_informations_et_cliquer_sur_le_bouton_de_connexion()">
                <span>And Valider les informations et cliquer sur le bouton de connexion</span>
      <div>Step skipped
      </div>
              </div>
              <div class="step skip-bg" title="StepDefinitions.AuthentificationStepDef.connexion_avec_succès_et_redirection_sur_linterface_gestion_des_utilisateurs()">
                <span>Then Connexion avec succès et redirection sur linterface Gestion des utilisateurs</span>
      <div>Step skipped
      </div>
              </div>
          </div>
        </div>
  </div>
</div>
          </div>
        </li>
        <li class="test-item"  status="fail" test-id="42"
          author=""
          tag=""
          device="">
          <div class="test-detail">
            <p class="name">Ajouter un site valide</p>
            <p class="text-sm">
              <span>15:46:45</span> / <span>00:03:46:126</span>
              <span class="badge fail-bg log float-right">Fail</span>
            </p>
          </div>
          <div class="test-contents d-none">
<div class="detail-head">
<div class="p-v-10">
<div class="info">
<h5 class="test-status text-fail">Ajouter un site valide</h5>
<span class='badge badge-success'>04.14.2024 15:46:45</span>
<span class='badge badge-danger'>04.14.2024 15:50:32</span>
<span class='badge badge-default'>00:03:46:126</span>
&middot; <span class='uri-anchor badge badge-default'>#test-id=42</span>
<span class='badge badge-default pointer float-right ml-1 et'><i class="fa fa-chevron-down"></i></span>
<span class='badge badge-default pointer float-right ct'><i class="fa fa-chevron-up"></i></span>
</div>
<div class="m-t-10 m-l-5"></div>
</div>
</div>
<div class="accordion mt-4">
  <div class="card">
    <div class="card-header" role="tab">
      <div class="card-title">
        <div class="node" id="43"><span class="badge log fail-bg mr-2">Fail</span>Ajouter un site avec donnes valides</div>
      </div>
    </div>
        <div class="">
          <div class="card-body">
              <div class="step pass-bg" title="StepDefinitions.AuthentificationStepDef.utilisateur_ouvre_la_page_de_connexion()">
                <span>Given Utilisateur ouvre la page de connexion</span>
      <div>
      </div>
              </div>
              <div class="step fail-bg" title="StepDefinitions.AuthentificationStepDef.entrer_un_identifiant_valide()">
                <span>When Entrer un identifiant valide</span>
      <div>
        <textarea disabled class="code-block">org.openqa.selenium.NoSuchElementException: no such element: Unable to locate element: {"method":"xpath","selector":"//input[@placeholder='Identifiant']"}
  (Session info: chrome=123.0.6312.122)
For documentation on this error, please visit: https://www.selenium.dev/documentation/webdriver/troubleshooting/errors#no-such-element-exception
Build info: version: '4.16.1', revision: '9b4c83354e'
System info: os.name: 'Windows 10', os.arch: 'amd64', os.version: '10.0', java.version: '17.0.9'
Driver info: org.openqa.selenium.chrome.ChromeDriver
Command: [d307e0063240e7c04717c6e9ccbaeb27, findElement {using=xpath, value=//input[@placeholder='Identifiant']}]
Capabilities {acceptInsecureCerts: false, browserName: chrome, browserVersion: 123.0.6312.122, chrome: {chromedriverVersion: 123.0.6312.122 (31f8248cdd9..., userDataDir: C:\Users\Cyrine\AppData\Loc...}, fedcm:accounts: true, goog:chromeOptions: {debuggerAddress: localhost:53483}, networkConnectionEnabled: false, pageLoadStrategy: normal, platformName: windows, proxy: Proxy(), se:cdp: ws://localhost:53483/devtoo..., se:cdpVersion: 123.0.6312.122, setWindowRect: true, strictFileInteractability: false, timeouts: {implicit: 0, pageLoad: 300000, script: 30000}, unhandledPromptBehavior: dismiss and notify, webauthn:extension:credBlob: true, webauthn:extension:largeBlob: true, webauthn:extension:minPinLength: true, webauthn:extension:prf: true, webauthn:virtualAuthenticators: true}
Session ID: d307e0063240e7c04717c6e9ccbaeb27
	at java.base/jdk.internal.reflect.NativeConstructorAccessorImpl.newInstance0(Native Method)
	at java.base/jdk.internal.reflect.NativeConstructorAccessorImpl.newInstance(NativeConstructorAccessorImpl.java:77)
	at java.base/jdk.internal.reflect.DelegatingConstructorAccessorImpl.newInstance(DelegatingConstructorAccessorImpl.java:45)
	at java.base/java.lang.reflect.Constructor.newInstanceWithCaller(Constructor.java:499)
	at java.base/java.lang.reflect.Constructor.newInstance(Constructor.java:480)
	at org.openqa.selenium.remote.codec.w3c.W3CHttpResponseCodec.createException(W3CHttpResponseCodec.java:200)
	at org.openqa.selenium.remote.codec.w3c.W3CHttpResponseCodec.decode(W3CHttpResponseCodec.java:133)
	at org.openqa.selenium.remote.codec.w3c.W3CHttpResponseCodec.decode(W3CHttpResponseCodec.java:52)
	at org.openqa.selenium.remote.HttpCommandExecutor.execute(HttpCommandExecutor.java:191)
	at org.openqa.selenium.remote.service.DriverCommandExecutor.invokeExecute(DriverCommandExecutor.java:200)
	at org.openqa.selenium.remote.service.DriverCommandExecutor.execute(DriverCommandExecutor.java:175)
	at org.openqa.selenium.remote.RemoteWebDriver.execute(RemoteWebDriver.java:523)
	at org.openqa.selenium.remote.ElementLocation$ElementFinder$2.findElement(ElementLocation.java:165)
	at org.openqa.selenium.remote.ElementLocation.findElement(ElementLocation.java:59)
	at org.openqa.selenium.remote.RemoteWebDriver.findElement(RemoteWebDriver.java:360)
	at org.openqa.selenium.remote.RemoteWebDriver.findElement(RemoteWebDriver.java:354)
	at Pages.AuthentificationPage.Entrer_un_identifiant_valide(AuthentificationPage.java:12)
	at StepDefinitions.AuthentificationStepDef.entrer_un_identifiant_valide(AuthentificationStepDef.java:19)
	at ✽.Entrer un identifiant valide(file:///C:/Users/Cyrine/Desktop/FormationAuto/src/test/Features/GestionSite_AjouterSite.feature:6)
</textarea>
      
      </div>
              </div>
              <div class="step skip-bg" title="StepDefinitions.AuthentificationStepDef.entrer_un_mot_de_passe_valide()">
                <span>And Entrer un mot de passe valide</span>
      <div>Step skipped
      </div>
              </div>
              <div class="step skip-bg" title="StepDefinitions.AuthentificationStepDef.valider_les_informations_et_cliquer_sur_le_bouton_de_connexion()">
                <span>And Valider les informations et cliquer sur le bouton de connexion</span>
      <div>Step skipped
      </div>
              </div>
              <div class="step skip-bg" title="StepDefinitions.AjoutSiteStepDef.liste_des_sites_affichees()">
                <span>Given Liste des sites affichees</span>
      <div>Step skipped
      </div>
              </div>
              <div class="step skip-bg" title="StepDefinitions.AjoutSiteStepDef.cliquer_sur_Ajouter()">
                <span>When cliquer sur Ajouter</span>
      <div>Step skipped
      </div>
              </div>
              <div class="step skip-bg" title="StepDefinitions.AjoutSiteStepDef.remplir_informations_du_site(io.cucumber.datatable.DataTable)">
                <span>And Remplir informations du site</span>
      <div><table class='markup-table table '><tr><td>ID</td><td>Nom</td><td>Type</td><td>Adresse</td><td>Code postal</td><td>Ville</td></tr><tr><td>Sitecyrine1</td><td>Sitecyrine1</td><td>Restaurant</td><td>AdresseAuto</td><td>04034</td><td>VilleAuto5</td></tr></table>
      </div>
      <div>Step skipped
      </div>
              </div>
              <div class="step skip-bg" title="StepDefinitions.AjoutSiteStepDef.cliquer_sur_suivant()">
                <span>And Cliquer sur Suivant</span>
      <div>Step skipped
      </div>
              </div>
              <div class="step skip-bg" title="StepDefinitions.AjoutSiteStepDef.remplir_zone()">
                <span>And Remplir Zone</span>
      <div>Step skipped
      </div>
              </div>
              <div class="step skip-bg" title="StepDefinitions.AjoutSiteStepDef.cocher_statut()">
                <span>And Cocher Statut</span>
      <div>Step skipped
      </div>
              </div>
              <div class="step skip-bg" title="StepDefinitions.AjoutSiteStepDef.enregistrer()">
                <span>And Enregistrer</span>
      <div>Step skipped
      </div>
              </div>
              <div class="step skip-bg" title="StepDefinitions.AjoutSiteStepDef.site_enregistre()">
                <span>Then Site enregistre</span>
      <div>Step skipped
      </div>
              </div>
          </div>
        </div>
  </div>
  <div class="card">
    <div class="card-header" role="tab">
      <div class="card-title">
        <div class="node" id="57"><span class="badge log pass-bg mr-2">Pass</span>Ajouter un site avec donnes errones</div>
      </div>
    </div>
        <div class="collapse">
          <div class="card-body">
              <div class="step pass-bg" title="StepDefinitions.AuthentificationStepDef.utilisateur_ouvre_la_page_de_connexion()">
                <span>Given Utilisateur ouvre la page de connexion</span>
      <div>
      </div>
              </div>
              <div class="step pass-bg" title="StepDefinitions.AuthentificationStepDef.entrer_un_identifiant_valide()">
                <span>When Entrer un identifiant valide</span>
      <div>
      </div>
              </div>
              <div class="step pass-bg" title="StepDefinitions.AuthentificationStepDef.entrer_un_mot_de_passe_valide()">
                <span>And Entrer un mot de passe valide</span>
      <div>
      </div>
              </div>
              <div class="step pass-bg" title="StepDefinitions.AuthentificationStepDef.valider_les_informations_et_cliquer_sur_le_bouton_de_connexion()">
                <span>And Valider les informations et cliquer sur le bouton de connexion</span>
      <div>
      </div>
              </div>
              <div class="step pass-bg" title="StepDefinitions.AjoutSiteStepDef.liste_des_sites_affichees()">
                <span>Given Liste des sites affichees</span>
      <div>
      </div>
              </div>
              <div class="step pass-bg" title="StepDefinitions.AjoutSiteStepDef.cliquer_sur_Ajouter()">
                <span>When cliquer sur Ajouter</span>
      <div>
      </div>
              </div>
              <div class="step pass-bg" title="StepDefinitions.AjoutSiteStepDef.remplir_informations_invalides_du_site(io.cucumber.datatable.DataTable)">
                <span>And Remplir informations invalides du site</span>
      <div><table class='markup-table table '><tr><td>ID</td><td>Nom</td><td>Type</td><td>Adresse</td><td>Code postal</td><td>Ville</td></tr><tr><td>IdsiteIdsiteIdsiteIdsiteIdsiteIdsiteIdsiteIdsiteIcv</td><td>NomSiteNomSiteNomSiteNomSitnoms</td><td>Centre de lavage</td><td>AdresseAuto</td><td>test</td><td>Villetest</td></tr></table>
      </div>
      <div>
      </div>
              </div>
              <div class="step pass-bg" title="StepDefinitions.AjoutSiteStepDef.messages_erreurs_affiches()">
                <span>Then Messages erreurs affiches</span>
      <div>
      </div>
              </div>
          </div>
        </div>
  </div>
  <div class="card">
    <div class="card-header" role="tab">
      <div class="card-title">
        <div class="node" id="67"><span class="badge log fail-bg mr-2">Fail</span>Rechercher des sites par ID</div>
      </div>
    </div>
        <div class="">
          <div class="card-body">
              <div class="step pass-bg" title="StepDefinitions.AuthentificationStepDef.utilisateur_ouvre_la_page_de_connexion()">
                <span>Given Utilisateur ouvre la page de connexion</span>
      <div>
      </div>
              </div>
              <div class="step pass-bg" title="StepDefinitions.AuthentificationStepDef.entrer_un_identifiant_valide()">
                <span>When Entrer un identifiant valide</span>
      <div>
      </div>
              </div>
              <div class="step pass-bg" title="StepDefinitions.AuthentificationStepDef.entrer_un_mot_de_passe_valide()">
                <span>And Entrer un mot de passe valide</span>
      <div>
      </div>
              </div>
              <div class="step pass-bg" title="StepDefinitions.AuthentificationStepDef.valider_les_informations_et_cliquer_sur_le_bouton_de_connexion()">
                <span>And Valider les informations et cliquer sur le bouton de connexion</span>
      <div>
      </div>
              </div>
              <div class="step pass-bg" title="StepDefinitions.AjoutSiteStepDef.liste_des_sites_affichees()">
                <span>Given Liste des sites affichees</span>
      <div>
      </div>
              </div>
              <div class="step pass-bg" title="StepDefinitions.AjoutSiteStepDef.saisir_caracteres_id_dans_la_zone_de_recherche()">
                <span>When Saisir caracteres ID dans la zone de recherche</span>
      <div>
      </div>
              </div>
              <div class="step fail-bg" title="StepDefinitions.AjoutSiteStepDef.site_relatif_au_id_affiche()">
                <span>Then Site relatif au ID affiche</span>
      <div>
        <textarea disabled class="code-block">java.lang.AssertionError: L'identifiant ne correspond pas aux caractères saisis
	at Pages.AjoutSitePage.site_relatif_au_id_affiche(AjoutSitePage.java:188)
	at StepDefinitions.AjoutSiteStepDef.site_relatif_au_id_affiche(AjoutSiteStepDef.java:72)
	at ✽.Site relatif au ID affiche(file:///C:/Users/Cyrine/Desktop/FormationAuto/src/test/Features/GestionSite_AjouterSite.feature:38)
</textarea>
      
      </div>
              </div>
          </div>
        </div>
  </div>
  <div class="card">
    <div class="card-header" role="tab">
      <div class="card-title">
        <div class="node" id="76"><span class="badge log pass-bg mr-2">Pass</span>Rechercher des sites par ID non trouve</div>
      </div>
    </div>
        <div class="collapse">
          <div class="card-body">
              <div class="step pass-bg" title="StepDefinitions.AuthentificationStepDef.utilisateur_ouvre_la_page_de_connexion()">
                <span>Given Utilisateur ouvre la page de connexion</span>
      <div>
      </div>
              </div>
              <div class="step pass-bg" title="StepDefinitions.AuthentificationStepDef.entrer_un_identifiant_valide()">
                <span>When Entrer un identifiant valide</span>
      <div>
      </div>
              </div>
              <div class="step pass-bg" title="StepDefinitions.AuthentificationStepDef.entrer_un_mot_de_passe_valide()">
                <span>And Entrer un mot de passe valide</span>
      <div>
      </div>
              </div>
              <div class="step pass-bg" title="StepDefinitions.AuthentificationStepDef.valider_les_informations_et_cliquer_sur_le_bouton_de_connexion()">
                <span>And Valider les informations et cliquer sur le bouton de connexion</span>
      <div>
      </div>
              </div>
              <div class="step pass-bg" title="StepDefinitions.AjoutSiteStepDef.liste_des_sites_affichees()">
                <span>Given Liste des sites affichees</span>
      <div>
      </div>
              </div>
              <div class="step pass-bg" title="StepDefinitions.AjoutSiteStepDef.saisir_caracteres_id_nexiste_pas()">
                <span>When Saisir caracteres ID nexiste pas</span>
      <div>
      </div>
              </div>
              <div class="step pass-bg" title="StepDefinitions.AjoutSiteStepDef.liste_vide_avec_message_aucune_donnee()">
                <span>Then liste vide avec message aucune donnee</span>
      <div>
      </div>
              </div>
          </div>
        </div>
  </div>
</div>
          </div>
        </li>
        <li class="test-item"  status="fail" test-id="85"
          author=""
          tag=""
          device="">
          <div class="test-detail">
            <p class="name">Modifier un site</p>
            <p class="text-sm">
              <span>15:50:32</span> / <span>00:00:41:865</span>
              <span class="badge fail-bg log float-right">Fail</span>
            </p>
          </div>
          <div class="test-contents d-none">
<div class="detail-head">
<div class="p-v-10">
<div class="info">
<h5 class="test-status text-fail">Modifier un site</h5>
<span class='badge badge-success'>04.14.2024 15:50:32</span>
<span class='badge badge-danger'>04.14.2024 15:51:14</span>
<span class='badge badge-default'>00:00:41:865</span>
&middot; <span class='uri-anchor badge badge-default'>#test-id=85</span>
<span class='badge badge-default pointer float-right ml-1 et'><i class="fa fa-chevron-down"></i></span>
<span class='badge badge-default pointer float-right ct'><i class="fa fa-chevron-up"></i></span>
</div>
<div class="m-t-10 m-l-5"></div>
</div>
</div>
<div class="accordion mt-4">
  <div class="card">
    <div class="card-header" role="tab">
      <div class="card-title">
        <div class="node" id="86"><span class="badge log fail-bg mr-2">Fail</span>Modifier Site Valide</div>
      </div>
    </div>
        <div class="">
          <div class="card-body">
              <div class="step pass-bg" title="StepDefinitions.AuthentificationStepDef.utilisateur_ouvre_la_page_de_connexion()">
                <span>Given Utilisateur ouvre la page de connexion</span>
      <div>
      </div>
              </div>
              <div class="step pass-bg" title="StepDefinitions.AuthentificationStepDef.entrer_un_identifiant_valide()">
                <span>When Entrer un identifiant valide</span>
      <div>
      </div>
              </div>
              <div class="step pass-bg" title="StepDefinitions.AuthentificationStepDef.entrer_un_mot_de_passe_valide()">
                <span>And Entrer un mot de passe valide</span>
      <div>
      </div>
              </div>
              <div class="step pass-bg" title="StepDefinitions.AuthentificationStepDef.valider_les_informations_et_cliquer_sur_le_bouton_de_connexion()">
                <span>And Valider les informations et cliquer sur le bouton de connexion</span>
      <div>
      </div>
              </div>
              <div class="step pass-bg" title="StepDefinitions.AjoutSiteStepDef.liste_des_sites_affichees()">
                <span>Given Liste des sites affichees</span>
      <div>
      </div>
              </div>
              <div class="step pass-bg" title="StepDefinitions.ModifierSiteStepDef.selectionner_un_sitee()">
                <span>When Selectionner un sitee</span>
      <div>
      </div>
              </div>
              <div class="step pass-bg" title="StepDefinitions.ModifierSiteStepDef.cliquer_sur_crayon_modifier()">
                <span>When Cliquer sur crayon modifier</span>
      <div>
      </div>
              </div>
              <div class="step fail-bg" title="StepDefinitions.ModifierSiteStepDef.popup_affichee_avec_champ_id_et_type_desactivee()">
                <span>And Popup affichee avec champ ID et type desactivee</span>
      <div>
        <textarea disabled class="code-block">org.openqa.selenium.NoSuchElementException: no such element: Unable to locate element: {"method":"xpath","selector":"//input[@placeholder='Id du site']"}
  (Session info: chrome=123.0.6312.122)
For documentation on this error, please visit: https://www.selenium.dev/documentation/webdriver/troubleshooting/errors#no-such-element-exception
Build info: version: '4.16.1', revision: '9b4c83354e'
System info: os.name: 'Windows 10', os.arch: 'amd64', os.version: '10.0', java.version: '17.0.9'
Driver info: org.openqa.selenium.chrome.ChromeDriver
Command: [8a66c66706aab3f2afee63e3d8672f10, findElement {using=xpath, value=//input[@placeholder='Id du site']}]
Capabilities {acceptInsecureCerts: false, browserName: chrome, browserVersion: 123.0.6312.122, chrome: {chromedriverVersion: 123.0.6312.122 (31f8248cdd9..., userDataDir: C:\Users\Cyrine\AppData\Loc...}, fedcm:accounts: true, goog:chromeOptions: {debuggerAddress: localhost:53654}, networkConnectionEnabled: false, pageLoadStrategy: normal, platformName: windows, proxy: Proxy(), se:cdp: ws://localhost:53654/devtoo..., se:cdpVersion: 123.0.6312.122, setWindowRect: true, strictFileInteractability: false, timeouts: {implicit: 0, pageLoad: 300000, script: 30000}, unhandledPromptBehavior: dismiss and notify, webauthn:extension:credBlob: true, webauthn:extension:largeBlob: true, webauthn:extension:minPinLength: true, webauthn:extension:prf: true, webauthn:virtualAuthenticators: true}
Session ID: 8a66c66706aab3f2afee63e3d8672f10
	at java.base/jdk.internal.reflect.NativeConstructorAccessorImpl.newInstance0(Native Method)
	at java.base/jdk.internal.reflect.NativeConstructorAccessorImpl.newInstance(NativeConstructorAccessorImpl.java:77)
	at java.base/jdk.internal.reflect.DelegatingConstructorAccessorImpl.newInstance(DelegatingConstructorAccessorImpl.java:45)
	at java.base/java.lang.reflect.Constructor.newInstanceWithCaller(Constructor.java:499)
	at java.base/java.lang.reflect.Constructor.newInstance(Constructor.java:480)
	at org.openqa.selenium.remote.codec.w3c.W3CHttpResponseCodec.createException(W3CHttpResponseCodec.java:200)
	at org.openqa.selenium.remote.codec.w3c.W3CHttpResponseCodec.decode(W3CHttpResponseCodec.java:133)
	at org.openqa.selenium.remote.codec.w3c.W3CHttpResponseCodec.decode(W3CHttpResponseCodec.java:52)
	at org.openqa.selenium.remote.HttpCommandExecutor.execute(HttpCommandExecutor.java:191)
	at org.openqa.selenium.remote.service.DriverCommandExecutor.invokeExecute(DriverCommandExecutor.java:200)
	at org.openqa.selenium.remote.service.DriverCommandExecutor.execute(DriverCommandExecutor.java:175)
	at org.openqa.selenium.remote.RemoteWebDriver.execute(RemoteWebDriver.java:523)
	at org.openqa.selenium.remote.ElementLocation$ElementFinder$2.findElement(ElementLocation.java:165)
	at org.openqa.selenium.remote.ElementLocation.findElement(ElementLocation.java:59)
	at org.openqa.selenium.remote.RemoteWebDriver.findElement(RemoteWebDriver.java:360)
	at org.openqa.selenium.remote.RemoteWebDriver.findElement(RemoteWebDriver.java:354)
	at Pages.ModifierSitePage.popup_affichee_avec_champ_id_et_type_desactivee(ModifierSitePage.java:31)
	at StepDefinitions.ModifierSiteStepDef.popup_affichee_avec_champ_id_et_type_desactivee(ModifierSiteStepDef.java:25)
	at ✽.Popup affichee avec champ ID et type desactivee(file:///C:/Users/Cyrine/Desktop/FormationAuto/src/test/Features/GestionSite_ModifierSite.feature:15)
</textarea>
      
      </div>
              </div>
              <div class="step skip-bg" >
                <span>And Saisir les informations suivantes</span>
      <div><table class='markup-table table '><tr><td>Nom du site</td><td>Adresse</td><td>Code postal</td><td>Ville</td></tr><tr><td>Test12</td><td>Auto12</td><td>use12r</td><td>hubone.fr</td></tr></table>
      </div>
      <div>Step skipped
      </div>
              </div>
              <div class="step skip-bg" title="StepDefinitions.AjoutSiteStepDef.cliquer_sur_suivant()">
                <span>And Cliquer sur Suivant</span>
      <div>Step skipped
      </div>
              </div>
              <div class="step skip-bg" >
                <span>And Saisir nouveau nom du zone et un nouveau statut</span>
      <div>Step skipped
      </div>
              </div>
              <div class="step skip-bg" title="StepDefinitions.AjoutSiteStepDef.enregistrer()">
                <span>And Enregistrer</span>
      <div>Step skipped
      </div>
              </div>
          </div>
        </div>
  </div>
</div>
          </div>
        </li>
        <li class="test-item"  status="fail" test-id="100"
          author=""
          tag=""
          device="">
          <div class="test-detail">
            <p class="name">Supprimer un site</p>
            <p class="text-sm">
              <span>15:51:14</span> / <span>00:00:44:114</span>
              <span class="badge fail-bg log float-right">Fail</span>
            </p>
          </div>
          <div class="test-contents d-none">
<div class="detail-head">
<div class="p-v-10">
<div class="info">
<h5 class="test-status text-fail">Supprimer un site</h5>
<span class='badge badge-success'>04.14.2024 15:51:14</span>
<span class='badge badge-danger'>04.14.2024 15:51:58</span>
<span class='badge badge-default'>00:00:44:114</span>
&middot; <span class='uri-anchor badge badge-default'>#test-id=100</span>
<span class='badge badge-default pointer float-right ml-1 et'><i class="fa fa-chevron-down"></i></span>
<span class='badge badge-default pointer float-right ct'><i class="fa fa-chevron-up"></i></span>
</div>
<div class="m-t-10 m-l-5"></div>
</div>
</div>
<div class="accordion mt-4">
  <div class="card">
    <div class="card-header" role="tab">
      <div class="card-title">
        <div class="node" id="101"><span class="badge log fail-bg mr-2">Fail</span>Supprimer site</div>
      </div>
    </div>
        <div class="">
          <div class="card-body">
              <div class="step pass-bg" title="StepDefinitions.AuthentificationStepDef.utilisateur_ouvre_la_page_de_connexion()">
                <span>Given Utilisateur ouvre la page de connexion</span>
      <div>
      </div>
              </div>
              <div class="step pass-bg" title="StepDefinitions.AuthentificationStepDef.entrer_un_identifiant_valide()">
                <span>When Entrer un identifiant valide</span>
      <div>
      </div>
              </div>
              <div class="step pass-bg" title="StepDefinitions.AuthentificationStepDef.entrer_un_mot_de_passe_valide()">
                <span>And Entrer un mot de passe valide</span>
      <div>
      </div>
              </div>
              <div class="step pass-bg" title="StepDefinitions.AuthentificationStepDef.valider_les_informations_et_cliquer_sur_le_bouton_de_connexion()">
                <span>And Valider les informations et cliquer sur le bouton de connexion</span>
      <div>
      </div>
              </div>
              <div class="step pass-bg" title="StepDefinitions.AjoutSiteStepDef.liste_des_sites_affichees()">
                <span>Given Liste des sites affichees</span>
      <div>
      </div>
              </div>
              <div class="step pass-bg" title="StepDefinitions.SupprimerSiteStepDef.cliquer_sur_le_bouton_supprimer()">
                <span>And Cliquer sur le bouton Supprimer</span>
      <div>
      </div>
              </div>
              <div class="step fail-bg" title="StepDefinitions.SupprimerSiteStepDef.le_message_de_suppression_est_affiche(java.lang.String)">
                <span>And le message de suppression est affiche "Êtes-vous sûr de bien vouloir supprimer ce site?"</span>
      <div>
        <textarea disabled class="code-block">java.lang.AssertionError: expected [êtes-vous sûr de bien vouloir supprimer ce site?] but found []
	at org.testng.Assert.fail(Assert.java:111)
	at org.testng.Assert.failNotEquals(Assert.java:1578)
	at org.testng.Assert.assertEqualsImpl(Assert.java:150)
	at org.testng.Assert.assertEquals(Assert.java:132)
	at org.testng.Assert.assertEquals(Assert.java:656)
	at org.testng.Assert.assertEquals(Assert.java:666)
	at Pages.SupprimerSitePage.le_message_de_suppression_est_affiche(SupprimerSitePage.java:57)
	at StepDefinitions.SupprimerSiteStepDef.le_message_de_suppression_est_affiche(SupprimerSiteStepDef.java:33)
	at ✽.le message de suppression est affiche "Êtes-vous sûr de bien vouloir supprimer ce site?"(file:///C:/Users/Cyrine/Desktop/FormationAuto/src/test/Features/GestionSite_SupprimerSite.feature:16)
</textarea>
      
      </div>
              </div>
              <div class="step skip-bg" title="StepDefinitions.SupprimerSiteStepDef.cliquer_sur_oui()">
                <span>And Cliquer sur oui</span>
      <div>Step skipped
      </div>
              </div>
              <div class="step skip-bg" title="StepDefinitions.SupprimerSiteStepDef.site_supprime_avec_un_message_succes()">
                <span>Then Site supprime avec un message succes</span>
      <div>Step skipped
      </div>
              </div>
          </div>
        </div>
  </div>
</div>
          </div>
        </li>
      </ul>
    </div>
  </div>
<div class="test-content scrollable">
<div class="test-content-tools">
<ul><li><a class="back-to-test" href="#"><i class="fa fa-arrow-left"></i></a></li></ul>
</div>
<div class="test-content-detail"><div class="detail-body"></div></div>
</div></div>
<div class="test-wrapper row view exception-view attributes-view">
<div class="test-list">
<div class="test-list-tools">
<ul class="tools pull-left"><li><a href=""><span class="font-size-14">Exception</span></a></li></ul>
<ul class="tools text-right"><li><a href="#"><span class="badge badge-primary">3</span></a></li></ul>
</div>
<div class="test-list-wrapper scrollable">
<ul class="test-list-item">
<li class="test-item">
<div class="test-detail">
<span class="meta">
<span class='badge log badge-danger'>2</span>
</span>
<p class="name">org.openqa.selenium.TimeoutException</p>
<p class="duration text-sm">2 tests</p>
</div>
<div class="test-contents d-none">
<div class="info">
<h4>org.openqa.selenium.TimeoutException</h4>
<span status="fail" class='badge log badge-danger'>2 failed</span>
</div>
<table class='table table-sm mt-4'>
<thead>
<tr>
<th class="status-col">Status</th>
<th class="timestamp-col">Timestamp</th>
<th>TestName</th>
</tr>
</thead>
<tbody>
<tr class="tag-test-status" status="fail">
<td><span class="badge log fail-bg">Fail</span></td>
<td>15:40:42 PM</td>
<td>
<a href="#" class="linked" test-id='19' id='21'>Authentification.Authentification_Methode_Test.setUp()</a>
<div class="">
<span class="badge badge-default">Ajout Utilisateur X.Ajout Utilisateur X.Authentification.Authentification_Methode_Test.setUp()</span>
</div>
</td>
</tr>
<tr class="tag-test-status" status="fail">
<td><span class="badge log fail-bg">Fail</span></td>
<td>15:43:44 PM</td>
<td>
<a href="#" class="linked" test-id='34' id='36'>Authentification.Authentification_Methode_Test.setUp()</a>
<div class="">
<span class="badge badge-default">Authentification à lapplication GT.Authentification avec email et mdp valides.Authentification.Authentification_Methode_Test.setUp()</span>
</div>
</td>
</tr>
</tbody>
</table>
</div>
</li>
<li class="test-item">
<div class="test-detail">
<span class="meta">
<span class='badge log badge-danger'>2</span>
</span>
<p class="name">java.lang.AssertionError</p>
<p class="duration text-sm">2 tests</p>
</div>
<div class="test-contents d-none">
<div class="info">
<h4>java.lang.AssertionError</h4>
<span status="fail" class='badge log badge-danger'>2 failed</span>
</div>
<table class='table table-sm mt-4'>
<thead>
<tr>
<th class="status-col">Status</th>
<th class="timestamp-col">Timestamp</th>
<th>TestName</th>
</tr>
</thead>
<tbody>
<tr class="tag-test-status" status="fail">
<td><span class="badge log fail-bg">Fail</span></td>
<td>15:50:12 PM</td>
<td>
<a href="#" class="linked" test-id='42' id='75'>Then Site relatif au ID affiche</a>
<div class="">
<span class="badge badge-default">Ajouter un site valide.Rechercher des sites par ID.Then Site relatif au ID affiche</span>
</div>
</td>
</tr>
<tr class="tag-test-status" status="fail">
<td><span class="badge log fail-bg">Fail</span></td>
<td>15:51:58 PM</td>
<td>
<a href="#" class="linked" test-id='100' id='109'>And le message de suppression est affiche "Êtes-vous sûr de bien vouloir supprimer ce site?"</a>
<div class="">
<span class="badge badge-default">Supprimer un site.Supprimer site.And le message de suppression est affiche "Êtes-vous sûr de bien vouloir supprimer ce site?"</span>
</div>
</td>
</tr>
</tbody>
</table>
</div>
</li>
<li class="test-item">
<div class="test-detail">
<span class="meta">
<span class='badge log badge-danger'>3</span>
</span>
<p class="name">org.openqa.selenium.NoSuchElementException</p>
<p class="duration text-sm">3 tests</p>
</div>
<div class="test-contents d-none">
<div class="info">
<h4>org.openqa.selenium.NoSuchElementException</h4>
<span status="fail" class='badge log badge-danger'>3 failed</span>
</div>
<table class='table table-sm mt-4'>
<thead>
<tr>
<th class="status-col">Status</th>
<th class="timestamp-col">Timestamp</th>
<th>TestName</th>
</tr>
</thead>
<tbody>
<tr class="tag-test-status" status="fail">
<td><span class="badge log fail-bg">Fail</span></td>
<td>15:40:22 PM</td>
<td>
<a href="#" class="linked" test-id='1' id='10'>When Cliquer sur le bouton Ajouter</a>
<div class="">
<span class="badge badge-default">Ajout Utilisateur.Ajout Utilisateur avec infos valides.When Cliquer sur le bouton Ajouter</span>
</div>
</td>
</tr>
<tr class="tag-test-status" status="fail">
<td><span class="badge log fail-bg">Fail</span></td>
<td>15:48:58 PM</td>
<td>
<a href="#" class="linked" test-id='42' id='46'>When Entrer un identifiant valide</a>
<div class="">
<span class="badge badge-default">Ajouter un site valide.Ajouter un site avec donnes valides.When Entrer un identifiant valide</span>
</div>
</td>
</tr>
<tr class="tag-test-status" status="fail">
<td><span class="badge log fail-bg">Fail</span></td>
<td>15:50:53 PM</td>
<td>
<a href="#" class="linked" test-id='85' id='95'>And Popup affichee avec champ ID et type desactivee</a>
<div class="">
<span class="badge badge-default">Modifier un site.Modifier Site Valide.And Popup affichee avec champ ID et type desactivee</span>
</div>
</td>
</tr>
</tbody>
</table>
</div>
</li>
</ul>
</div>
</div>
<div class="test-content scrollable">
<div class="test-content-detail">
<div class="detail-body"></div>
</div>
</div>
</div><div class="test-wrapper row view category-view attributes-view">
<div class="test-list">
<div class="test-list-tools">
<ul class="tools pull-left"><li><a href=""><span class="font-size-14">Category</span></a></li></ul>
<ul class="tools text-right"><li><a href="#"><span class="badge badge-primary">3</span></a></li></ul>
</div>
<div class="test-list-wrapper scrollable">
<ul class="test-list-item">
<li class="test-item">
<div class="test-detail">
<span class="meta">
<span class='badge log badge-danger'>3</span>
</span>
<p class="name">@Utilisateur</p>
<p class="duration text-sm">3 tests</p>
</div>
<div class="test-contents d-none">
<div class="info">
<h4>@Utilisateur</h4>
<span status="fail" class='badge log badge-danger'>3 failed</span>
</div>
<table class='table table-sm mt-4'>
<thead>
<tr>
<th class="status-col">Status</th>
<th class="timestamp-col">Timestamp</th>
<th>TestName</th>
</tr>
</thead>
<tbody>
<tr class="tag-test-status" status="fail">
<td><span class="badge log fail-bg">Fail</span></td>
<td>15:39:56 PM</td>
<td>
<a href="#" class="linked" test-id='1' id='2'>Ajout Utilisateur avec infos valides</a>
<div class="">
<span class="badge badge-default">Ajout Utilisateur.Ajout Utilisateur avec infos valides</span>
</div>
</td>
</tr>
<tr class="tag-test-status" status="fail">
<td><span class="badge log fail-bg">Fail</span></td>
<td>15:40:42 PM</td>
<td>
<a href="#" class="linked" test-id='19' id='20'>Ajout Utilisateur X</a>
<div class="">
<span class="badge badge-default">Ajout Utilisateur X.Ajout Utilisateur X</span>
</div>
</td>
</tr>
<tr class="tag-test-status" status="fail">
<td><span class="badge log fail-bg">Fail</span></td>
<td>15:43:44 PM</td>
<td>
<a href="#" class="linked" test-id='34' id='35'>Authentification avec email et mdp valides</a>
<div class="">
<span class="badge badge-default">Authentification à lapplication GT.Authentification avec email et mdp valides</span>
</div>
</td>
</tr>
</tbody>
</table>
</div>
</li>
<li class="test-item">
<div class="test-detail">
<span class="meta">
<span class='badge log pass-bg'>2</span>
<span class='badge log badge-danger'>7</span>
</span>
<p class="name">@tag</p>
<p class="duration text-sm">9 tests</p>
</div>
<div class="test-contents d-none">
<div class="info">
<h4>@tag</h4>
<span status="pass" class='badge log pass-bg'>2 passed</span>
<span status="fail" class='badge log badge-danger'>7 failed</span>
</div>
<table class='table table-sm mt-4'>
<thead>
<tr>
<th class="status-col">Status</th>
<th class="timestamp-col">Timestamp</th>
<th>TestName</th>
</tr>
</thead>
<tbody>
<tr class="tag-test-status" status="fail">
<td><span class="badge log fail-bg">Fail</span></td>
<td>15:39:56 PM</td>
<td>
<a href="#" class="linked" test-id='1' id='2'>Ajout Utilisateur avec infos valides</a>
<div class="">
<span class="badge badge-default">Ajout Utilisateur.Ajout Utilisateur avec infos valides</span>
</div>
</td>
</tr>
<tr class="tag-test-status" status="fail">
<td><span class="badge log fail-bg">Fail</span></td>
<td>15:40:42 PM</td>
<td>
<a href="#" class="linked" test-id='19' id='20'>Ajout Utilisateur X</a>
<div class="">
<span class="badge badge-default">Ajout Utilisateur X.Ajout Utilisateur X</span>
</div>
</td>
</tr>
<tr class="tag-test-status" status="fail">
<td><span class="badge log fail-bg">Fail</span></td>
<td>15:43:44 PM</td>
<td>
<a href="#" class="linked" test-id='34' id='35'>Authentification avec email et mdp valides</a>
<div class="">
<span class="badge badge-default">Authentification à lapplication GT.Authentification avec email et mdp valides</span>
</div>
</td>
</tr>
<tr class="tag-test-status" status="fail">
<td><span class="badge log fail-bg">Fail</span></td>
<td>15:46:45 PM</td>
<td>
<a href="#" class="linked" test-id='42' id='43'>Ajouter un site avec donnes valides</a>
<div class="">
<span class="badge badge-default">Ajouter un site valide.Ajouter un site avec donnes valides</span>
</div>
</td>
</tr>
<tr class="tag-test-status" status="pass">
<td><span class="badge log pass-bg">Pass</span></td>
<td>15:49:18 PM</td>
<td>
<a href="#" class="linked" test-id='42' id='57'>Ajouter un site avec donnes errones</a>
<div class="">
<span class="badge badge-default">Ajouter un site valide.Ajouter un site avec donnes errones</span>
</div>
</td>
</tr>
<tr class="tag-test-status" status="fail">
<td><span class="badge log fail-bg">Fail</span></td>
<td>15:49:54 PM</td>
<td>
<a href="#" class="linked" test-id='42' id='67'>Rechercher des sites par ID</a>
<div class="">
<span class="badge badge-default">Ajouter un site valide.Rechercher des sites par ID</span>
</div>
</td>
</tr>
<tr class="tag-test-status" status="pass">
<td><span class="badge log pass-bg">Pass</span></td>
<td>15:50:13 PM</td>
<td>
<a href="#" class="linked" test-id='42' id='76'>Rechercher des sites par ID non trouve</a>
<div class="">
<span class="badge badge-default">Ajouter un site valide.Rechercher des sites par ID non trouve</span>
</div>
</td>
</tr>
<tr class="tag-test-status" status="fail">
<td><span class="badge log fail-bg">Fail</span></td>
<td>15:50:32 PM</td>
<td>
<a href="#" class="linked" test-id='85' id='86'>Modifier Site Valide</a>
<div class="">
<span class="badge badge-default">Modifier un site.Modifier Site Valide</span>
</div>
</td>
</tr>
<tr class="tag-test-status" status="fail">
<td><span class="badge log fail-bg">Fail</span></td>
<td>15:51:14 PM</td>
<td>
<a href="#" class="linked" test-id='100' id='101'>Supprimer site</a>
<div class="">
<span class="badge badge-default">Supprimer un site.Supprimer site</span>
</div>
</td>
</tr>
</tbody>
</table>
</div>
</li>
<li class="test-item">
<div class="test-detail">
<span class="meta">
<span class='badge log pass-bg'>2</span>
<span class='badge log badge-danger'>4</span>
</span>
<p class="name">@Site</p>
<p class="duration text-sm">6 tests</p>
</div>
<div class="test-contents d-none">
<div class="info">
<h4>@Site</h4>
<span status="pass" class='badge log pass-bg'>2 passed</span>
<span status="fail" class='badge log badge-danger'>4 failed</span>
</div>
<table class='table table-sm mt-4'>
<thead>
<tr>
<th class="status-col">Status</th>
<th class="timestamp-col">Timestamp</th>
<th>TestName</th>
</tr>
</thead>
<tbody>
<tr class="tag-test-status" status="fail">
<td><span class="badge log fail-bg">Fail</span></td>
<td>15:46:45 PM</td>
<td>
<a href="#" class="linked" test-id='42' id='43'>Ajouter un site avec donnes valides</a>
<div class="">
<span class="badge badge-default">Ajouter un site valide.Ajouter un site avec donnes valides</span>
</div>
</td>
</tr>
<tr class="tag-test-status" status="pass">
<td><span class="badge log pass-bg">Pass</span></td>
<td>15:49:18 PM</td>
<td>
<a href="#" class="linked" test-id='42' id='57'>Ajouter un site avec donnes errones</a>
<div class="">
<span class="badge badge-default">Ajouter un site valide.Ajouter un site avec donnes errones</span>
</div>
</td>
</tr>
<tr class="tag-test-status" status="fail">
<td><span class="badge log fail-bg">Fail</span></td>
<td>15:49:54 PM</td>
<td>
<a href="#" class="linked" test-id='42' id='67'>Rechercher des sites par ID</a>
<div class="">
<span class="badge badge-default">Ajouter un site valide.Rechercher des sites par ID</span>
</div>
</td>
</tr>
<tr class="tag-test-status" status="pass">
<td><span class="badge log pass-bg">Pass</span></td>
<td>15:50:13 PM</td>
<td>
<a href="#" class="linked" test-id='42' id='76'>Rechercher des sites par ID non trouve</a>
<div class="">
<span class="badge badge-default">Ajouter un site valide.Rechercher des sites par ID non trouve</span>
</div>
</td>
</tr>
<tr class="tag-test-status" status="fail">
<td><span class="badge log fail-bg">Fail</span></td>
<td>15:50:32 PM</td>
<td>
<a href="#" class="linked" test-id='85' id='86'>Modifier Site Valide</a>
<div class="">
<span class="badge badge-default">Modifier un site.Modifier Site Valide</span>
</div>
</td>
</tr>
<tr class="tag-test-status" status="fail">
<td><span class="badge log fail-bg">Fail</span></td>
<td>15:51:14 PM</td>
<td>
<a href="#" class="linked" test-id='100' id='101'>Supprimer site</a>
<div class="">
<span class="badge badge-default">Supprimer un site.Supprimer site</span>
</div>
</td>
</tr>
</tbody>
</table>
</div>
</li>
</ul>
</div>
</div>
<div class="test-content scrollable">
<div class="test-content-detail">
<div class="detail-body"></div>
</div>
</div>
</div><div class="container-fluid p-4 view dashboard-view">
<div class="row">
<div class="col-md-3">
<div class="card"><div class="card-body">
<p class="m-b-0">Started</p>
<h3>avr. 14, 2024 03:39:55 PM</h3>
</div></div>
</div>
<div class="col-md-3">
<div class="card"><div class="card-body">
<p class="m-b-0">Ended</p>
<h3>avr. 14, 2024 03:51:58 PM</h3>
</div></div>
</div>
<div class="col-md-3">
<div class="card"><div class="card-body">
<p class="m-b-0 text-pass">Features Passed</p>
<h3>0</h3>
</div></div>
</div>
<div class="col-md-3">
<div class="card"><div class="card-body">
<p class="m-b-0 text-fail">Features Failed</p>
<h3>6</h3>
</div></div>
</div>
</div>
<div class="row">
<div class="col-md-4">
<div class="card">
<div class="card-header">
<h6 class="card-title">Features</h6>
</div>
<div class="card-body">
<div class="">
<canvas id='parent-analysis' width='115' height='90'></canvas>
</div>
</div>
<div class="card-footer">
<div><small data-tooltip='0%'>
<b>0</b> features passed
</small>
</div>
<div>
<small data-tooltip='100%'><b>6</b> features failed,
<b>0</b> skipped, <b data-tooltip='0%'>0</b> others
</small>
</div>
</div>
</div>
</div>
<div class="col-md-4">
<div class="card">
<div class="card-header">
<h6 class="card-title">Scenarios</h6>
</div>
<div class="card-body">
<div class="">
<canvas id='child-analysis' width='115' height='90'></canvas>
</div>
</div>
<div class="card-footer">
<div><small data-tooltip='22%'><b>2</b> scenarios passed</small></div>
<div>
<small data-tooltip='77%'><b>7</b> scenarios failed,
<b>0</b> skipped, <b data-tooltip='%'>0</b> others
</small>
</div>
</div>
</div>
</div>
<div class="col-md-4">
<div class="card">
<div class="card-header">
<h6 class="card-title">Steps</h6>
</div>
<div class="card-body">
<div class="">
<canvas id='grandchild-analysis' width='115' height='90'></canvas>
</div>
</div>
<div class="card-footer">
<div><small data-tooltip='46%'><b>41</b> steps passed</small></div>
<div>
<small data-tooltip='7%'><b>7</b> steps failed,
<b>41</b> skipped, <b data-tooltip='%'>0</b> others
</small>
</div>
</div>
</div>
</div>
</div>
<div class="row"><div class="col-md-12">
<div class="card"><div class="card-header"><p>Timeline</p></div>
<div class="card-body pt-0"><div>
<canvas id="timeline" height="120"></canvas>
</div></div>
</div>
</div></div>
<script>
var timeline = {
"Ajout Utilisateur":46.47,"Ajout Utilisateur X":181.474,"Authentification à lapplication GT":181.512,"Ajouter un site valide":226.126,"Modifier un site":41.865,"Supprimer un site":44.114
};
</script>
<div class="row">
<div class="col-lg-6 col-md-12 category-container">
<div class="card">
<div class="card-header"><p>Tags</p></div>
<div class="card-body pb-0 pt-0"><table class="table table-sm table-bordered">
<thead><tr class="bg-gray"><th>Name</th><th>Passed</th><th>Failed</th><th>Skipped</th><th>Others</th><th>Passed %</th></tr></thead><tbody>
<tr>
<td>@Utilisateur</td>
<td>0</td>
<td>3</td>
<td>0</td>
<td>0</td>
<td>0%</td>
</tr>
<tr>
<td>@tag</td>
<td>2</td>
<td>7</td>
<td>0</td>
<td>0</td>
<td>22,222%</td>
</tr>
<tr>
<td>@Site</td>
<td>2</td>
<td>4</td>
<td>0</td>
<td>0</td>
<td>33,333%</td>
</tr>
</tbody>
</table></div>
</div>
</div>
</div>
</div>
<script>
var statusGroup = {
parentCount: 5,
passParent: 0,
failParent: 6,
warningParent: 0,
skipParent: 0,
childCount: 5,
passChild: 2,
failChild: 7,
warningChild: 0,
skipChild: 0,
infoChild: 0,
grandChildCount: 5,
passGrandChild: 41,
failGrandChild: 7,
warningGrandChild: 0,
skipGrandChild: 41,
infoGrandChild: 0,
eventsCount: 5,
};
</script>        </div>
      </div>
    </div>
  </div>
<script src="https://cdn.jsdelivr.net/gh/extent-framework/extent-github-cdn@d6562a79075e061305ccfdb82f01e5e195e2d307/spark/js/spark-script.js"></script>
<script type="text/javascript"></script></body>
</html>